Using pre-set license
Built from '2022.3/staging' branch; Version is '2022.3.13f1 (5f90a5ebde0f) revision 6262949'; Using compiler version '192829333'; Build Type 'Release'
OS: 'Windows 11  (10.0.26100) 64bit Enterprise' Language: 'en' Physical Memory: 16173 MB
BatchMode: 1, IsHumanControllingUs: 0, StartBugReporterOnCrash: 0, Is64bit: 1, IsPro: 1

COMMAND LINE ARGUMENTS:
C:\Program Files\Unity\Hub\Editor\2022.3.13f1\Editor\Unity.exe
-adb2
-batchMode
-noUpm
-name
AssetImportWorker0
-projectPath
C:/Users/utkuk/Desktop/PROGRAMLAMA/Game/Shooter Game
-logFile
Logs/AssetImportWorker0.log
-srvPort
64125
Successfully changed project path to: C:/Users/utkuk/Desktop/PROGRAMLAMA/Game/Shooter Game
C:/Users/utkuk/Desktop/PROGRAMLAMA/Game/Shooter Game
[UnityMemory] Configuration Parameters - Can be set up in boot.config
    "memorysetup-bucket-allocator-granularity=16"
    "memorysetup-bucket-allocator-bucket-count=8"
    "memorysetup-bucket-allocator-block-size=33554432"
    "memorysetup-bucket-allocator-block-count=8"
    "memorysetup-main-allocator-block-size=16777216"
    "memorysetup-thread-allocator-block-size=16777216"
    "memorysetup-gfx-main-allocator-block-size=16777216"
    "memorysetup-gfx-thread-allocator-block-size=16777216"
    "memorysetup-cache-allocator-block-size=4194304"
    "memorysetup-typetree-allocator-block-size=2097152"
    "memorysetup-profiler-bucket-allocator-granularity=16"
    "memorysetup-profiler-bucket-allocator-bucket-count=8"
    "memorysetup-profiler-bucket-allocator-block-size=33554432"
    "memorysetup-profiler-bucket-allocator-block-count=8"
    "memorysetup-profiler-allocator-block-size=16777216"
    "memorysetup-profiler-editor-allocator-block-size=1048576"
    "memorysetup-temp-allocator-size-main=16777216"
    "memorysetup-job-temp-allocator-block-size=2097152"
    "memorysetup-job-temp-allocator-block-size-background=1048576"
    "memorysetup-job-temp-allocator-reduction-small-platforms=262144"
    "memorysetup-allocator-temp-initial-block-size-main=262144"
    "memorysetup-allocator-temp-initial-block-size-worker=262144"
    "memorysetup-temp-allocator-size-background-worker=32768"
    "memorysetup-temp-allocator-size-job-worker=262144"
    "memorysetup-temp-allocator-size-preload-manager=33554432"
    "memorysetup-temp-allocator-size-nav-mesh-worker=65536"
    "memorysetup-temp-allocator-size-audio-worker=65536"
    "memorysetup-temp-allocator-size-cloud-worker=32768"
    "memorysetup-temp-allocator-size-gi-baking-worker=262144"
    "memorysetup-temp-allocator-size-gfx=262144"
Player connection [18564] Host "[IP] 192.168.1.100 [Port] 0 [Flags] 2 [Guid] 1639685299 [EditorId] 1639685299 [Version] 1048832 [Id] WindowsEditor(7,Utku) [Debug] 1 [PackageName] WindowsEditor [ProjectName] Editor" joined multi-casting on [225.0.0.222:54997]...

Player connection [18564] Host "[IP] 192.168.1.100 [Port] 0 [Flags] 2 [Guid] 1639685299 [EditorId] 1639685299 [Version] 1048832 [Id] WindowsEditor(7,Utku) [Debug] 1 [PackageName] WindowsEditor [ProjectName] Editor" joined alternative multi-casting on [225.0.0.222:34997]...

[Physics::Module] Initialized MultithreadedJobDispatcher with 7 workers.
Refreshing native plugins compatible for Editor in 1258.37 ms, found 3 plugins.
Preloading 0 native plugins for Editor in 0.00 ms.
Initialize engine version: 2022.3.13f1 (5f90a5ebde0f)
[Subsystems] Discovering subsystems at path C:/Program Files/Unity/Hub/Editor/2022.3.13f1/Editor/Data/Resources/UnitySubsystems
[Subsystems] Discovering subsystems at path C:/Users/utkuk/Desktop/PROGRAMLAMA/Game/Shooter Game/Assets
GfxDevice: creating device client; threaded=0; jobified=0
Direct3D:
    Version:  Direct3D 11.0 [level 11.1]
    Renderer: NVIDIA GeForce GTX 1650 (ID=0x1f99)
    Vendor:   NVIDIA
    VRAM:     3937 MB
    Driver:   32.0.15.7216
Initialize mono
Mono path[0] = 'C:/Program Files/Unity/Hub/Editor/2022.3.13f1/Editor/Data/Managed'
Mono path[1] = 'C:/Program Files/Unity/Hub/Editor/2022.3.13f1/Editor/Data/MonoBleedingEdge/lib/mono/unityjit-win32'
Mono config path = 'C:/Program Files/Unity/Hub/Editor/2022.3.13f1/Editor/Data/MonoBleedingEdge/etc'
Using monoOptions --debugger-agent=transport=dt_socket,embedding=1,server=y,suspend=n,address=127.0.0.1:56868
Begin MonoManager ReloadAssembly
Registering precompiled unity dll's ...
Register platform support module: C:/Program Files/Unity/Hub/Editor/2022.3.13f1/Editor/Data/PlaybackEngines/WebGLSupport/UnityEditor.WebGL.Extensions.dll
Register platform support module: C:/Program Files/Unity/Hub/Editor/2022.3.13f1/Editor/Data/PlaybackEngines/AndroidPlayer/UnityEditor.Android.Extensions.dll
Register platform support module: C:/Program Files/Unity/Hub/Editor/2022.3.13f1/Editor/Data/PlaybackEngines/iOSSupport/UnityEditor.iOS.Extensions.dll
Register platform support module: C:/Program Files/Unity/Hub/Editor/2022.3.13f1/Editor/Data/PlaybackEngines/WindowsStandaloneSupport/UnityEditor.WindowsStandalone.Extensions.dll
Registered in 0.024385 seconds.
- Loaded All Assemblies, in  4.086 seconds
Native extension for WindowsStandalone target not found
[usbmuxd] Start listen thread
[usbmuxd] Listen thread started
Native extension for iOS target not found
Native extension for Android target not found
Android Extension - Scanning For ADB Devices 949 ms
Native extension for WebGL target not found
Mono: successfully reloaded assembly
- Finished resetting the current domain, in  1.842 seconds
Domain Reload Profiling: 5925ms
	BeginReloadAssembly (3214ms)
		ExecutionOrderSort (0ms)
		DisableScriptedObjects (0ms)
		BackupInstance (0ms)
		ReleaseScriptingObjects (0ms)
		CreateAndSetChildDomain (3ms)
	RebuildCommonClasses (146ms)
	RebuildNativeTypeToScriptingClass (14ms)
	initialDomainReloadingComplete (115ms)
	LoadAllAssembliesAndSetupDomain (594ms)
		LoadAssemblies (3202ms)
		RebuildTransferFunctionScriptingTraits (0ms)
		AnalyzeDomain (589ms)
			TypeCache.Refresh (588ms)
				TypeCache.ScanAssembly (527ms)
			ScanForSourceGeneratedMonoScriptInfo (0ms)
			ResolveRequiredComponents (1ms)
	FinalizeReload (1843ms)
		ReleaseScriptCaches (0ms)
		RebuildScriptCaches (0ms)
		SetupLoadedEditorAssemblies (1744ms)
			LogAssemblyErrors (0ms)
			InitializePlatformSupportModulesInManaged (1412ms)
			SetLoadedEditorAssemblies (7ms)
			RefreshPlugins (0ms)
			BeforeProcessingInitializeOnLoad (6ms)
			ProcessInitializeOnLoadAttributes (211ms)
			ProcessInitializeOnLoadMethodAttributes (107ms)
			AfterProcessingInitializeOnLoad (0ms)
			EditorAssembliesLoaded (0ms)
		ExecutionOrderSort2 (0ms)
		AwakeInstancesAfterBackupRestoration (0ms)
========================================================================
Worker process is ready to serve import requests
Begin MonoManager ReloadAssembly
TypeRef ResolutionScope not yet handled (229) for .IMergeView in image C:\Users\utkuk\Desktop\PROGRAMLAMA\Game\Shooter Game\Library\ScriptAssemblies\Unity.PlasticSCM.Editor.dll
Unloading broken assembly Library/ScriptAssemblies/Unity.PlasticSCM.Editor.dll, this assembly can cause crashes in the runtime
- Loaded All Assemblies, in  2.589 seconds
Refreshing native plugins compatible for Editor in 14.35 ms, found 3 plugins.
Could not load signature of Unity.PlasticSCM.Editor.Gluon.UpdateReport.UpdateReportDialog:ShowUpdateReport due to: Could not resolve type with token 0100006f from typeref (expected class 'Codice.Client.BaseCommands.ErrorMessage' in assembly 'unityplastic, Version=11.0.16.8204, Culture=neutral, PublicKeyToken=a107c9c6e34c8876') assembly:unityplastic, Version=11.0.16.8204, Culture=neutral, PublicKeyToken=a107c9c6e34c8876 type:Codice.Client.BaseCommands.ErrorMessage member:(null)
Could not load signature of Unity.PlasticSCM.Editor.Gluon.UpdateReport.UpdateReportDialog:UpdateUpdateReportList due to: Could not resolve type with token 0100006f from typeref (expected class 'Codice.Client.BaseCommands.ErrorMessage' in assembly 'unityplastic, Version=11.0.16.8204, Culture=neutral, PublicKeyToken=a107c9c6e34c8876') assembly:unityplastic, Version=11.0.16.8204, Culture=neutral, PublicKeyToken=a107c9c6e34c8876 type:Codice.Client.BaseCommands.ErrorMessage member:(null)
Could not load signature of Unity.PlasticSCM.Editor.Gluon.UpdateReport.UpdateReportDialog:GetErrorDetailsText due to: Could not resolve type with token 0100006f from typeref (expected class 'Codice.Client.BaseCommands.ErrorMessage' in assembly 'unityplastic, Version=11.0.16.8204, Culture=neutral, PublicKeyToken=a107c9c6e34c8876') assembly:unityplastic, Version=11.0.16.8204, Culture=neutral, PublicKeyToken=a107c9c6e34c8876 type:Codice.Client.BaseCommands.ErrorMessage member:(null)
Could not load signature of Unity.PlasticSCM.Editor.Gluon.UpdateReport.UpdateReportDialog:DoErrorDetailsTextArea due to: Could not resolve type with token 0100006f from typeref (expected class 'Codice.Client.BaseCommands.ErrorMessage' in assembly 'unityplastic, Version=11.0.16.8204, Culture=neutral, PublicKeyToken=a107c9c6e34c8876') assembly:unityplastic, Version=11.0.16.8204, Culture=neutral, PublicKeyToken=a107c9c6e34c8876 type:Codice.Client.BaseCommands.ErrorMessage member:(null)
Could not load signature of Unity.PlasticSCM.Editor.Gluon.UpdateReport.UpdateReportDialog:Create due to: Could not resolve type with token 0100006f from typeref (expected class 'Codice.Client.BaseCommands.ErrorMessage' in assembly 'unityplastic, Version=11.0.16.8204, Culture=neutral, PublicKeyToken=a107c9c6e34c8876') assembly:unityplastic, Version=11.0.16.8204, Culture=neutral, PublicKeyToken=a107c9c6e34c8876 type:Codice.Client.BaseCommands.ErrorMessage member:(null)
Native extension for WindowsStandalone target not found
Native extension for iOS target not found
Native extension for Android target not found
Native extension for WebGL target not found
Package Manager log level set to [2]
[Package Manager] Server::EnsureServerProcessIsRunning -- launch failed, reason: Unity was launched with the -noUpm command-line argument
[Package Manager] UpmClient::Send -- Unable to send message (not connected to UPM process).
[Package Manager] Cannot connect to Unity Package Manager local server
Mono: successfully reloaded assembly
- Finished resetting the current domain, in  1.842 seconds
Domain Reload Profiling: 4425ms
	BeginReloadAssembly (281ms)
		ExecutionOrderSort (0ms)
		DisableScriptedObjects (9ms)
		BackupInstance (0ms)
		ReleaseScriptingObjects (0ms)
		CreateAndSetChildDomain (43ms)
	RebuildCommonClasses (54ms)
	RebuildNativeTypeToScriptingClass (14ms)
	initialDomainReloadingComplete (74ms)
	LoadAllAssembliesAndSetupDomain (2157ms)
		LoadAssemblies (1651ms)
		RebuildTransferFunctionScriptingTraits (0ms)
		AnalyzeDomain (686ms)
			TypeCache.Refresh (642ms)
				TypeCache.ScanAssembly (597ms)
			ScanForSourceGeneratedMonoScriptInfo (35ms)
			ResolveRequiredComponents (5ms)
	FinalizeReload (1846ms)
		ReleaseScriptCaches (0ms)
		RebuildScriptCaches (0ms)
		SetupLoadedEditorAssemblies (1482ms)
			LogAssemblyErrors (0ms)
			InitializePlatformSupportModulesInManaged (53ms)
			SetLoadedEditorAssemblies (4ms)
			RefreshPlugins (0ms)
			BeforeProcessingInitializeOnLoad (121ms)
			ProcessInitializeOnLoadAttributes (1155ms)
			ProcessInitializeOnLoadMethodAttributes (95ms)
			AfterProcessingInitializeOnLoad (54ms)
			EditorAssembliesLoaded (1ms)
		ExecutionOrderSort2 (0ms)
		AwakeInstancesAfterBackupRestoration (34ms)
Launched and connected shader compiler UnityShaderCompiler.exe after 0.15 seconds
Refreshing native plugins compatible for Editor in 11.83 ms, found 3 plugins.
Preloading 0 native plugins for Editor in 0.00 ms.
Unloading 3127 Unused Serialized files (Serialized files now loaded: 0)
Unloading 30 unused Assets / (56.7 KB). Loaded Objects now: 3596.
Memory consumption went from 129.7 MB to 129.6 MB.
Total: 30.453000 ms (FindLiveObjects: 2.574400 ms CreateObjectMapping: 11.314100 ms MarkObjects: 16.426600 ms  DeleteObjects: 0.134600 ms)

AssetImportParameters requested are different than current active one (requested -> active):
  custom:container-demuxer-ogg: 62fdf1f143b41e24485cea50d1cbac27 -> 
  custom:scripting/precompiled-assembly-types:Unity.PlasticSCM.Editor: 1c77bc3ed7c23cd3fb3a824d20eccc39 -> 
  custom:video-decoder-ogg-theora: a1e56fd34408186e4bbccfd4996cb3dc -> 
  custom:framework-win-MediaFoundation: 216162199b28c13a410421893ffa2e32 -> 
  custom:CustomObjectIndexerAttribute: 756ad292c208cfabdd7b50bc23989ffe -> 
  custom:container-demuxer-webm: 4f35f7cbe854078d1ac9338744f61a02 -> 
  custom:container-muxer-webm: aa71ff27fc2769a1b78a27578f13a17b -> 
  custom:video-decoder-webm-vp8: 9c59270c3fd7afecdb556c50c9e8de78 -> 
  custom:SearchIndexIgnoredProperties: e643bd26f0fe6173181afceb89e7c659 -> 
  custom:AudioImporter_EditorPlatform: d09bf68614088b80899f8185d706f6e7 -> 
  custom:video-encoder-webm-vp8: eb34c28f22e8b96e1ab97ce403110664 -> 
  custom:audio-decoder-ogg-vorbis: bf7c407c2cedff20999df2af8eb42d56 -> 
  custom:audio-encoder-webm-vorbis: bf7c407c2cedff20999df2af8eb42d56 -> 
  custom:scripting/precompiled-assembly-types:unityplastic: 80ce6fce021ee75cb20edaadb7bf11e0 -> 3c30bc2c6029bd937aec52f5f186acab
========================================================================
Received Import Request.
  Time since last request: 167934.110772 seconds.
  path: Assets/stairs_small_corner_with_emmision (1).prefab
  artifactKey: Guid(e5fc4b4b7899eb54a83e3bf858c5e434) Importer(815301076,1909f56bfc062723c751e8b465ee728b)
Start importing Assets/stairs_small_corner_with_emmision (1).prefab using Guid(e5fc4b4b7899eb54a83e3bf858c5e434) Importer(815301076,1909f56bfc062723c751e8b465ee728b)  -> (artifact id: 'd24bcd2db6bdd47dba5a38a5b03a0230') in 2.366329 seconds
Number of updated asset objects reloaded before import = 0
Number of asset objects unloaded after import = 782
========================================================================
Received Import Request.
  Time since last request: 0.000052 seconds.
  path: Assets/NewLayer 5.terrainlayer
  artifactKey: Guid(2e3d486d61214284193616a67a5c12fb) Importer(815301076,1909f56bfc062723c751e8b465ee728b)
Start importing Assets/NewLayer 5.terrainlayer using Guid(2e3d486d61214284193616a67a5c12fb) Importer(815301076,1909f56bfc062723c751e8b465ee728b)  -> (artifact id: '607ef59f057f6c8c9b68ae1ea012d17f') in 0.031148 seconds
Number of updated asset objects reloaded before import = 0
Number of asset objects unloaded after import = 2
========================================================================
Received Import Request.
  Time since last request: 0.000036 seconds.
  path: Assets/NewLayer 3.terrainlayer
  artifactKey: Guid(42e547023253ef74a83ee33bd3844b34) Importer(815301076,1909f56bfc062723c751e8b465ee728b)
Start importing Assets/NewLayer 3.terrainlayer using Guid(42e547023253ef74a83ee33bd3844b34) Importer(815301076,1909f56bfc062723c751e8b465ee728b)  -> (artifact id: '6757f8c70bfb11381de80072db3ec6ae') in 0.014705 seconds
Number of updated asset objects reloaded before import = 0
Number of asset objects unloaded after import = 2
========================================================================
Received Import Request.
  Time since last request: 0.000041 seconds.
  path: Assets/NewLayer 6.terrainlayer
  artifactKey: Guid(2082f161477e4f64a8d5549f41ca04a9) Importer(815301076,1909f56bfc062723c751e8b465ee728b)
Start importing Assets/NewLayer 6.terrainlayer using Guid(2082f161477e4f64a8d5549f41ca04a9) Importer(815301076,1909f56bfc062723c751e8b465ee728b)  -> (artifact id: 'f0ada632509022ecb0bd9fcf37feec0c') in 0.018095 seconds
Number of updated asset objects reloaded before import = 0
Number of asset objects unloaded after import = 2
========================================================================
Received Import Request.
  Time since last request: 0.000026 seconds.
  path: Assets/GameObject.prefab
  artifactKey: Guid(28a777cfc64d9824eb9a889357f59f8e) Importer(815301076,1909f56bfc062723c751e8b465ee728b)
Start importing Assets/GameObject.prefab using Guid(28a777cfc64d9824eb9a889357f59f8e) Importer(815301076,1909f56bfc062723c751e8b465ee728b)  -> (artifact id: 'e71d61b207204ebe47b5f8e2f4219414') in 0.831762 seconds
Number of updated asset objects reloaded before import = 0
Number of asset objects unloaded after import = 1852
========================================================================
Received Import Request.
  Time since last request: 106.170497 seconds.
  path: Assets/AssaultRifleDefault.prefab
  artifactKey: Guid(72782f854747afc459cdd4570e6f67af) Importer(815301076,1909f56bfc062723c751e8b465ee728b)
Start importing Assets/AssaultRifleDefault.prefab using Guid(72782f854747afc459cdd4570e6f67af) Importer(815301076,1909f56bfc062723c751e8b465ee728b)  -> (artifact id: '4d17d505423fc474e2c1748c95ec08f1') in 0.092136 seconds
Number of updated asset objects reloaded before import = 0
Number of asset objects unloaded after import = 13
========================================================================
Received Import Request.
  Time since last request: 0.000031 seconds.
  path: Assets/PistolDefault.prefab
  artifactKey: Guid(245789ca16689774496406b5b88cc8d7) Importer(815301076,1909f56bfc062723c751e8b465ee728b)
Start importing Assets/PistolDefault.prefab using Guid(245789ca16689774496406b5b88cc8d7) Importer(815301076,1909f56bfc062723c751e8b465ee728b)  -> (artifact id: 'b0c4c08c96db9bc1290eec4c37efbc22') in 0.061446 seconds
Number of updated asset objects reloaded before import = 0
Number of asset objects unloaded after import = 13
========================================================================
Received Import Request.
  Time since last request: 433.290165 seconds.
  path: Assets/New Terrain.asset
  artifactKey: Guid(d6e5be31c400e984a9cc3e207a8a59c5) Importer(815301076,1909f56bfc062723c751e8b465ee728b)
Start importing Assets/New Terrain.asset using Guid(d6e5be31c400e984a9cc3e207a8a59c5) Importer(815301076,1909f56bfc062723c751e8b465ee728b)  -> (artifact id: 'd3b7195f17ea86bfabf83831cbda73e5') in 0.087887 seconds
Number of updated asset objects reloaded before import = 0
Number of asset objects unloaded after import = 17
========================================================================
Received Import Request.
  Time since last request: 136.307345 seconds.
  path: Assets/Canvas.prefab
  artifactKey: Guid(f4f04f6d3b8f5ff41a707a84f3d2ac34) Importer(815301076,1909f56bfc062723c751e8b465ee728b)
Start importing Assets/Canvas.prefab using Guid(f4f04f6d3b8f5ff41a707a84f3d2ac34) Importer(815301076,1909f56bfc062723c751e8b465ee728b)  -> (artifact id: '617daa6a79ff2c8497aaea1342ba19b9') in 0.116641 seconds
Number of updated asset objects reloaded before import = 0
Number of asset objects unloaded after import = 42
========================================================================
Received Import Request.
  Time since last request: 608.678573 seconds.
  path: Assets/Map.renderTexture
  artifactKey: Guid(a351e5e870facb64ea7c9e5141588e79) Importer(815301076,1909f56bfc062723c751e8b465ee728b)
Start importing Assets/Map.renderTexture using Guid(a351e5e870facb64ea7c9e5141588e79) Importer(815301076,1909f56bfc062723c751e8b465ee728b)  -> (artifact id: 'a4c449ec1b2f5c40e18919fe2dbeff58') in 0.025361 seconds
Number of updated asset objects reloaded before import = 0
Number of asset objects unloaded after import = 2
========================================================================
Received Import Request.
  Time since last request: 337.066867 seconds.
  path: Assets/OOP_Example
  artifactKey: Guid(9789329674ed3414fbcf04bb148a5f1d) Importer(815301076,1909f56bfc062723c751e8b465ee728b)
Start importing Assets/OOP_Example using Guid(9789329674ed3414fbcf04bb148a5f1d) Importer(815301076,1909f56bfc062723c751e8b465ee728b)  -> (artifact id: 'a46433adbff75b044137129d741d3d7f') in 0.001328 seconds
Number of updated asset objects reloaded before import = 0
Number of asset objects unloaded after import = 0
========================================================================
Received Import Request.
  Time since last request: 0.715560 seconds.
  path: Assets/Photon
  artifactKey: Guid(98951132346795f438babe7a3183da43) Importer(815301076,1909f56bfc062723c751e8b465ee728b)
Start importing Assets/Photon using Guid(98951132346795f438babe7a3183da43) Importer(815301076,1909f56bfc062723c751e8b465ee728b)  -> (artifact id: '1dfeb235f7c016b91408ecf6befe25fc') in 0.001190 seconds
Number of updated asset objects reloaded before import = 0
Number of asset objects unloaded after import = 0
========================================================================
Received Import Request.
  Time since last request: 0.893488 seconds.
  path: Assets/Scripts
  artifactKey: Guid(da5a50b55b203ae47926d8686cc5fecc) Importer(815301076,1909f56bfc062723c751e8b465ee728b)
Start importing Assets/Scripts using Guid(da5a50b55b203ae47926d8686cc5fecc) Importer(815301076,1909f56bfc062723c751e8b465ee728b)  -> (artifact id: '1db57a0511a28e99176940c4c6f20e6d') in 0.000802 seconds
Number of updated asset objects reloaded before import = 0
Number of asset objects unloaded after import = 0
========================================================================
Received Import Request.
  Time since last request: 0.743769 seconds.
  path: Assets/Scenes
  artifactKey: Guid(f38a36f7d1dc19247ba0fc8833e2aa69) Importer(815301076,1909f56bfc062723c751e8b465ee728b)
Start importing Assets/Scenes using Guid(f38a36f7d1dc19247ba0fc8833e2aa69) Importer(815301076,1909f56bfc062723c751e8b465ee728b)  -> (artifact id: 'bf0f22c93d584e47df6f4b405943b34b') in 0.001897 seconds
Number of updated asset objects reloaded before import = 0
Number of asset objects unloaded after import = 0
========================================================================
Received Import Request.
  Time since last request: 0.083731 seconds.
  path: Assets/Scenes/6257deea6586ce30646c8dda_Frame 48096212.png
  artifactKey: Guid(c300f94ba0c538a4c96c929a70236c66) Importer(815301076,1909f56bfc062723c751e8b465ee728b)
Start importing Assets/Scenes/6257deea6586ce30646c8dda_Frame 48096212.png using Guid(c300f94ba0c538a4c96c929a70236c66) Importer(815301076,1909f56bfc062723c751e8b465ee728b)  -> (artifact id: '8b35fbb92caf68e9dcd15d8ea93ce4b7') in 0.076286 seconds
Number of updated asset objects reloaded before import = 0
Number of asset objects unloaded after import = 3
========================================================================
Received Import Request.
  Time since last request: 27.246598 seconds.
  path: Assets/Scenes/Game.unity
  artifactKey: Guid(1239613e63eb94246bd90726eae0d50e) Importer(815301076,1909f56bfc062723c751e8b465ee728b)
Start importing Assets/Scenes/Game.unity using Guid(1239613e63eb94246bd90726eae0d50e) Importer(815301076,1909f56bfc062723c751e8b465ee728b)  -> (artifact id: '5ee519c6222cd1d46f1a0e60a94b24a4') in 0.002710 seconds
Number of updated asset objects reloaded before import = 0
Number of asset objects unloaded after import = 0
========================================================================
Received Import Request.
  Time since last request: 17.320084 seconds.
  path: Assets/BattleRoyalePack
  artifactKey: Guid(765aee5186e42b545a68962fa6429517) Importer(815301076,1909f56bfc062723c751e8b465ee728b)
Start importing Assets/BattleRoyalePack using Guid(765aee5186e42b545a68962fa6429517) Importer(815301076,1909f56bfc062723c751e8b465ee728b)  -> (artifact id: '8d0588f97d54da927ccef11f2900a94b') in 0.001497 seconds
Number of updated asset objects reloaded before import = 0
Number of asset objects unloaded after import = 0
========================================================================
Received Import Request.
  Time since last request: 0.120440 seconds.
  path: Assets/BattleRoyalePack/NameCanvas.prefab
  artifactKey: Guid(4aa0ebed0bed19544beada611bc41876) Importer(815301076,1909f56bfc062723c751e8b465ee728b)
Start importing Assets/BattleRoyalePack/NameCanvas.prefab using Guid(4aa0ebed0bed19544beada611bc41876) Importer(815301076,1909f56bfc062723c751e8b465ee728b)  -> (artifact id: 'e9f7beb25a98363c6361969c8ea46fc0') in 0.031602 seconds
Number of updated asset objects reloaded before import = 0
Number of asset objects unloaded after import = 20
========================================================================
Received Import Request.
  Time since last request: 1.299292 seconds.
  path: Assets/BattleRoyalePack/Materials
  artifactKey: Guid(fd7591d82fcc48d499a2ebd1a3331609) Importer(815301076,1909f56bfc062723c751e8b465ee728b)
Start importing Assets/BattleRoyalePack/Materials using Guid(fd7591d82fcc48d499a2ebd1a3331609) Importer(815301076,1909f56bfc062723c751e8b465ee728b)  -> (artifact id: '8301be3b420d453f099ff4be722467a2') in 0.000863 seconds
Number of updated asset objects reloaded before import = 0
Number of asset objects unloaded after import = 0
========================================================================
Received Import Request.
  Time since last request: 0.352816 seconds.
  path: Assets/BattleRoyalePack/MiniMap
  artifactKey: Guid(1457326451616a04da7681687a295879) Importer(815301076,1909f56bfc062723c751e8b465ee728b)
Start importing Assets/BattleRoyalePack/MiniMap using Guid(1457326451616a04da7681687a295879) Importer(815301076,1909f56bfc062723c751e8b465ee728b)  -> (artifact id: '439718418244c73a727eb9a8226cabe8') in 0.001141 seconds
Number of updated asset objects reloaded before import = 0
Number of asset objects unloaded after import = 0
========================================================================
Received Import Request.
  Time since last request: 0.332814 seconds.
  path: Assets/BattleRoyalePack/Particles
  artifactKey: Guid(0b0cb0df8d7cb2a4097261d2702766d6) Importer(815301076,1909f56bfc062723c751e8b465ee728b)
Start importing Assets/BattleRoyalePack/Particles using Guid(0b0cb0df8d7cb2a4097261d2702766d6) Importer(815301076,1909f56bfc062723c751e8b465ee728b)  -> (artifact id: 'e9f81188a08c67d6081b6fde035048d2') in 0.001717 seconds
Number of updated asset objects reloaded before import = 0
Number of asset objects unloaded after import = 0
========================================================================
Received Import Request.
  Time since last request: 0.321816 seconds.
  path: Assets/BattleRoyalePack/SFX_Sounds
  artifactKey: Guid(c391107fbff7fe542bcda5e2e1e507ec) Importer(815301076,1909f56bfc062723c751e8b465ee728b)
Start importing Assets/BattleRoyalePack/SFX_Sounds using Guid(c391107fbff7fe542bcda5e2e1e507ec) Importer(815301076,1909f56bfc062723c751e8b465ee728b)  -> (artifact id: 'c72b18b2c0456adcf53e6f3cc86a6662') in 0.000828 seconds
Number of updated asset objects reloaded before import = 0
Number of asset objects unloaded after import = 0
========================================================================
Received Import Request.
  Time since last request: 1.516662 seconds.
  path: Assets/BattleRoyalePack/Particles/CFX2_Big_Splash (No Collision).prefab
  artifactKey: Guid(77c69ec12208c4c4380d15e30b6f8f68) Importer(815301076,1909f56bfc062723c751e8b465ee728b)
Start importing Assets/BattleRoyalePack/Particles/CFX2_Big_Splash (No Collision).prefab using Guid(77c69ec12208c4c4380d15e30b6f8f68) Importer(815301076,1909f56bfc062723c751e8b465ee728b)  -> (artifact id: 'a1e6166e2d891caf0451088c33a6ceee') in 0.070499 seconds
Number of updated asset objects reloaded before import = 0
Number of asset objects unloaded after import = 26
========================================================================
Received Import Request.
  Time since last request: 0.000029 seconds.
  path: Assets/BattleRoyalePack/Particles/CFX_Hit_C White.prefab
  artifactKey: Guid(f06e78284f831ae469c74624ab5d513b) Importer(815301076,1909f56bfc062723c751e8b465ee728b)
Start importing Assets/BattleRoyalePack/Particles/CFX_Hit_C White.prefab using Guid(f06e78284f831ae469c74624ab5d513b) Importer(815301076,1909f56bfc062723c751e8b465ee728b)  -> (artifact id: 'c2d8eff0edc1e7a24f5f8d94ef7f3425') in 0.020155 seconds
Number of updated asset objects reloaded before import = 0
Number of asset objects unloaded after import = 8
========================================================================
Received Import Request.
  Time since last request: 0.000036 seconds.
  path: Assets/BattleRoyalePack/Particles/CFX2_SparksHit_B Sphere.prefab
  artifactKey: Guid(4961a16ba01e09547be3e1c9d16d5ad0) Importer(815301076,1909f56bfc062723c751e8b465ee728b)
Start importing Assets/BattleRoyalePack/Particles/CFX2_SparksHit_B Sphere.prefab using Guid(4961a16ba01e09547be3e1c9d16d5ad0) Importer(815301076,1909f56bfc062723c751e8b465ee728b)  -> (artifact id: '58c745a16efb4322276dd98866601294') in 0.019541 seconds
Number of updated asset objects reloaded before import = 0
Number of asset objects unloaded after import = 12
========================================================================
Received Import Request.
  Time since last request: 0.000019 seconds.
  path: Assets/BattleRoyalePack/Particles/CFX_MagicPoof.prefab
  artifactKey: Guid(a40b64bf23366dc42a892af2c6ff6140) Importer(815301076,1909f56bfc062723c751e8b465ee728b)
Start importing Assets/BattleRoyalePack/Particles/CFX_MagicPoof.prefab using Guid(a40b64bf23366dc42a892af2c6ff6140) Importer(815301076,1909f56bfc062723c751e8b465ee728b)  -> (artifact id: 'fa024209fc63612146b8c46d28dc0e03') in 0.069846 seconds
Number of updated asset objects reloaded before import = 0
Number of asset objects unloaded after import = 54
========================================================================
Received Import Request.
  Time since last request: 0.000045 seconds.
  path: Assets/BattleRoyalePack/Particles/CFX3_Skull_Explosion.prefab
  artifactKey: Guid(e473029e4c70ad543a6879b82a732f4f) Importer(815301076,1909f56bfc062723c751e8b465ee728b)
Start importing Assets/BattleRoyalePack/Particles/CFX3_Skull_Explosion.prefab using Guid(e473029e4c70ad543a6879b82a732f4f) Importer(815301076,1909f56bfc062723c751e8b465ee728b)  -> (artifact id: '5d50c150607bb9bef1d917d29c9786f2') in 0.060808 seconds
Number of updated asset objects reloaded before import = 0
Number of asset objects unloaded after import = 33
========================================================================
Received Import Request.
  Time since last request: 0.000021 seconds.
  path: Assets/BattleRoyalePack/Particles/CFX_Hit_A Red+RandomText.prefab
  artifactKey: Guid(f95ff734540a0d749be6571b6cb5b37f) Importer(815301076,1909f56bfc062723c751e8b465ee728b)
Start importing Assets/BattleRoyalePack/Particles/CFX_Hit_A Red+RandomText.prefab using Guid(f95ff734540a0d749be6571b6cb5b37f) Importer(815301076,1909f56bfc062723c751e8b465ee728b)  -> (artifact id: 'd7c13ab61de6f0bef981230cff44843f') in 0.024924 seconds
Number of updated asset objects reloaded before import = 0
Number of asset objects unloaded after import = 20
========================================================================
Received Import Request.
  Time since last request: 5.787314 seconds.
  path: Assets/BattleRoyalePack/Shaders
  artifactKey: Guid(100da162c4768524d969451c61902c84) Importer(815301076,1909f56bfc062723c751e8b465ee728b)
Start importing Assets/BattleRoyalePack/Shaders using Guid(100da162c4768524d969451c61902c84) Importer(815301076,1909f56bfc062723c751e8b465ee728b)  -> (artifact id: 'f3bc004c29fa475c1fbfb9634c3c0344') in 0.001057 seconds
Number of updated asset objects reloaded before import = 0
Number of asset objects unloaded after import = 0
========================================================================
Received Import Request.
  Time since last request: 0.050029 seconds.
  path: Assets/BattleRoyalePack/Shaders/AnimatedFire-ShaderFunction.mat
  artifactKey: Guid(6cd29dc5efc11f34a9c324e0106d877d) Importer(815301076,1909f56bfc062723c751e8b465ee728b)
Start importing Assets/BattleRoyalePack/Shaders/AnimatedFire-ShaderFunction.mat using Guid(6cd29dc5efc11f34a9c324e0106d877d) Importer(815301076,1909f56bfc062723c751e8b465ee728b)  -> (artifact id: '7fb518a4497ed04f8d75ea3ddb5854bd') in 0.403587 seconds
Number of updated asset objects reloaded before import = 0
Number of asset objects unloaded after import = 7
========================================================================
Received Import Request.
  Time since last request: 0.000037 seconds.
  path: Assets/BattleRoyalePack/Shaders/XRay.mat
  artifactKey: Guid(ea88736282c3b7b4181413e2597c15a5) Importer(815301076,1909f56bfc062723c751e8b465ee728b)
Start importing Assets/BattleRoyalePack/Shaders/XRay.mat using Guid(ea88736282c3b7b4181413e2597c15a5) Importer(815301076,1909f56bfc062723c751e8b465ee728b)  -> (artifact id: '6b61f3b13af704d1ec82aee03aae8b9f') in 0.437601 seconds
Number of updated asset objects reloaded before import = 0
Number of asset objects unloaded after import = 4
